<?xml version="1.0" encoding="UTF-8"?>
<!-- Generated by org.testng.reporters.JUnitReportReporter -->
<testsuite hostname="USBLRAMITK1" failures="0" tests="6" name="testcases.Scenario1" time="25.245" errors="0" timestamp="25 Apr 2023 15:08:12 GMT" skipped="0">
  <testcase classname="testcases.Scenario1" name="launchApplication" time="4.025"/>
  <testcase classname="testcases.Scenario1" name="navigateToCellPhoneAndAccesories" time="3.564"/>
  <testcase classname="testcases.Scenario1" name="clickonCellPhoneAndSmartPhone" time="3.487"/>
  <testcase classname="testcases.Scenario1" name="clickSeeAllUnderShopByBrand" time="0.291"/>
  <testcase classname="testcases.Scenario1" name="apply3Filter" time="8.605"/>
  <testcase classname="testcases.Scenario1" name="verifyFilterTagsApplied" time="5.273"/>
</testsuite> <!-- testcases.Scenario1 -->
