<?xml version="1.0" encoding="UTF-8"?>
<!-- Generated by org.testng.reporters.JUnitReportReporter -->
<testsuite hostname="USBLRAMITK1" failures="0" tests="4" name="testcases.Scenario2" time="8.831" errors="0" timestamp="25 Apr 2023 15:08:12 GMT" skipped="0">
  <testcase classname="testcases.Scenario2" name="launchApplication" time="3.367"/>
  <testcase classname="testcases.Scenario2" name="typeSearchString" time="1.454"/>
  <testcase classname="testcases.Scenario2" name="searchCategoryAndSearch" time="3.684"/>
  <testcase classname="testcases.Scenario2" name="verifyPageLoadAndSearchString" time="0.326"/>
</testsuite> <!-- testcases.Scenario2 -->
