<?xml version="1.0" encoding="UTF-8"?>
<!-- Generated by org.testng.reporters.JUnitReportReporter -->
<testsuite hostname="USBLRAMITK1" failures="0" tests="1" name="testcases.NewTest" time="0.008" errors="0" timestamp="25 Apr 2023 14:06:51 GMT" skipped="0">
  <testcase classname="testcases.NewTest" name="f" time="0.008"/>
</testsuite> <!-- testcases.NewTest -->
